
{"ip":"::1","url":"/students/","method":"GET","userAgent":"Mozilla/5.0 (Windows NT 10.0; Win64; x64) AppleWebKit/537.36 (KHTML, like Gecko) Chrome/68.0.3440.106 Safari/537.36","date":"8/12/2018, 6:35:20 PM","host":"localhost:3000","responseTime":"19ms","status":304}
{"ip":"::1","url":"/students/","method":"POST","userAgent":"Mozilla/5.0 (Windows NT 10.0; Win64; x64) AppleWebKit/537.36 (KHTML, like Gecko) Chrome/68.0.3440.106 Safari/537.36","date":"8/12/2018, 6:38:27 PM","host":"localhost:3000","responseTime":"24ms","status":201}
{"ip":"::1","url":"/students/","method":"GET","userAgent":"Mozilla/5.0 (Windows NT 10.0; Win64; x64) AppleWebKit/537.36 (KHTML, like Gecko) Chrome/68.0.3440.106 Safari/537.36","date":"8/12/2018, 6:38:30 PM","host":"localhost:3000","responseTime":"7ms","status":200}
{"ip":"::1","url":"/1534079307361-855553.jpg","method":"GET","userAgent":"Mozilla/5.0 (Windows NT 10.0; Win64; x64) AppleWebKit/537.36 (KHTML, like Gecko) Chrome/68.0.3440.106 Safari/537.36","date":"8/12/2018, 6:38:32 PM","host":"localhost:3000","responseTime":"6ms","status":200}
{"ip":"::1","url":"/students","method":"GET","userAgent":"Mozilla/5.0 (Windows NT 10.0; Win64; x64) AppleWebKit/537.36 (KHTML, like Gecko) Chrome/68.0.3440.106 Safari/537.36","date":"8/13/2018, 2:57:05 PM","host":"localhost:3000","responseTime":"23ms","status":200}
{"ip":"::1","url":"/favicon.ico","method":"GET","userAgent":"Mozilla/5.0 (Windows NT 10.0; Win64; x64) AppleWebKit/537.36 (KHTML, like Gecko) Chrome/68.0.3440.106 Safari/537.36","date":"8/13/2018, 2:57:05 PM","host":"localhost:3000","responseTime":"2ms","status":404}
{"ip":"::1","url":"/1534079307361-855553.jpg","method":"GET","userAgent":"Mozilla/5.0 (Windows NT 10.0; Win64; x64) AppleWebKit/537.36 (KHTML, like Gecko) Chrome/68.0.3440.106 Safari/537.36","date":"8/13/2018, 2:57:08 PM","host":"localhost:3000","responseTime":"6ms","status":200}
{"ip":"::1","url":"/1534079307361-855553.jpg","method":"GET","userAgent":"Mozilla/5.0 (Windows NT 10.0; Win64; x64) AppleWebKit/537.36 (KHTML, like Gecko) Chrome/68.0.3440.106 Safari/537.36","date":"8/13/2018, 2:57:12 PM","host":"localhost:3000","responseTime":"2ms","status":304}
{"ip":"::1","url":"/1534079307361-855553.jpg","method":"GET","userAgent":"Mozilla/5.0 (Windows NT 10.0; Win64; x64) AppleWebKit/537.36 (KHTML, like Gecko) Chrome/68.0.3440.106 Safari/537.36","date":"8/13/2018, 2:57:25 PM","host":"localhost:3000","responseTime":"1ms","status":304}
{"ip":"::1","url":"/reviews","method":"GET","userAgent":"Mozilla/5.0 (Windows NT 10.0; Win64; x64) AppleWebKit/537.36 (KHTML, like Gecko) Chrome/68.0.3440.106 Safari/537.36","date":"8/13/2018, 2:57:50 PM","host":"localhost:3000","responseTime":"1ms","status":404}
{"ip":"::1","url":"/students/1/2","method":"GET","userAgent":"Mozilla/5.0 (Windows NT 10.0; Win64; x64) AppleWebKit/537.36 (KHTML, like Gecko) Chrome/68.0.3440.106 Safari/537.36","date":"8/13/2018, 2:57:58 PM","host":"localhost:3000","responseTime":"7ms","status":200}
{"ip":"::1","url":"/reviews","method":"POST","userAgent":"Mozilla/5.0 (Windows NT 10.0; Win64; x64) AppleWebKit/537.36 (KHTML, like Gecko) Chrome/68.0.3440.106 Safari/537.36","date":"8/13/2018, 2:58:36 PM","host":"localhost:3000","responseTime":"6ms","status":500}
{"ip":"::1","url":"/reviews","method":"POST","userAgent":"Mozilla/5.0 (Windows NT 10.0; Win64; x64) AppleWebKit/537.36 (KHTML, like Gecko) Chrome/68.0.3440.106 Safari/537.36","date":"8/13/2018, 2:58:52 PM","host":"localhost:3000","responseTime":"2ms","status":500}
{"ip":"::1","url":"/students","method":"GET","userAgent":"Mozilla/5.0 (Windows NT 10.0; Win64; x64) AppleWebKit/537.36 (KHTML, like Gecko) Chrome/68.0.3440.106 Safari/537.36","date":"8/13/2018, 3:02:55 PM","host":"localhost:3000","responseTime":"5ms","status":304}
{"ip":"::1","url":"/reviews","method":"POST","userAgent":"Mozilla/5.0 (Windows NT 10.0; Win64; x64) AppleWebKit/537.36 (KHTML, like Gecko) Chrome/68.0.3440.106 Safari/537.36","date":"8/13/2018, 3:03:25 PM","host":"localhost:3000","responseTime":"1ms","status":500}
{"ip":"::1","url":"/reviews","method":"POST","userAgent":"Mozilla/5.0 (Windows NT 10.0; Win64; x64) AppleWebKit/537.36 (KHTML, like Gecko) Chrome/68.0.3440.106 Safari/537.36","date":"8/13/2018, 3:03:49 PM","host":"localhost:3000","responseTime":"1ms","status":500}
{"ip":"::1","url":"/reviews","method":"POST","userAgent":"Mozilla/5.0 (Windows NT 10.0; Win64; x64) AppleWebKit/537.36 (KHTML, like Gecko) Chrome/68.0.3440.106 Safari/537.36","date":"8/13/2018, 3:04:38 PM","host":"localhost:3000","responseTime":"1ms","status":500}
{"ip":"::1","url":"/reviews/","method":"POST","userAgent":"Mozilla/5.0 (Windows NT 10.0; Win64; x64) AppleWebKit/537.36 (KHTML, like Gecko) Chrome/68.0.3440.106 Safari/537.36","date":"8/13/2018, 3:05:12 PM","host":"localhost:3000","responseTime":"1ms","status":500}
{"ip":"::1","url":"/reviews/","method":"POST","userAgent":"Mozilla/5.0 (Windows NT 10.0; Win64; x64) AppleWebKit/537.36 (KHTML, like Gecko) Chrome/68.0.3440.106 Safari/537.36","date":"8/13/2018, 3:05:27 PM","host":"localhost:3000","responseTime":"14ms","status":500}
{"ip":"::1","url":"/reviews/","method":"POST","userAgent":"Mozilla/5.0 (Windows NT 10.0; Win64; x64) AppleWebKit/537.36 (KHTML, like Gecko) Chrome/68.0.3440.106 Safari/537.36","date":"8/13/2018, 3:05:42 PM","host":"localhost:3000","responseTime":"4ms","status":201}
{"ip":"::1","url":"/5b701f6ddb915425dc8da5d7","method":"GET","userAgent":"Mozilla/5.0 (Windows NT 10.0; Win64; x64) AppleWebKit/537.36 (KHTML, like Gecko) Chrome/68.0.3440.106 Safari/537.36","date":"8/13/2018, 3:06:14 PM","host":"localhost:3000","responseTime":"1ms","status":404}
{"ip":"::1","url":"/students/5b701f6ddb915425dc8da5d7","method":"GET","userAgent":"Mozilla/5.0 (Windows NT 10.0; Win64; x64) AppleWebKit/537.36 (KHTML, like Gecko) Chrome/68.0.3440.106 Safari/537.36","date":"8/13/2018, 3:06:20 PM","host":"localhost:3000","responseTime":"8ms","status":200}
{"ip":"::1","url":"/students/5b701f62db915425dc8da5d6","method":"GET","userAgent":"Mozilla/5.0 (Windows NT 10.0; Win64; x64) AppleWebKit/537.36 (KHTML, like Gecko) Chrome/68.0.3440.106 Safari/537.36","date":"8/13/2018, 3:06:32 PM","host":"localhost:3000","responseTime":"5ms","status":200}
{"ip":"::1","url":"/","method":"GET","userAgent":"Mozilla/5.0 (Windows NT 10.0; Win64; x64) AppleWebKit/537.36 (KHTML, like Gecko) Chrome/68.0.3440.106 Safari/537.36","date":"8/15/2018, 1:13:35 PM","host":"localhost:3000","responseTime":"6ms","status":200}
{"ip":"::1","url":"/favicon.ico","method":"GET","userAgent":"Mozilla/5.0 (Windows NT 10.0; Win64; x64) AppleWebKit/537.36 (KHTML, like Gecko) Chrome/68.0.3440.106 Safari/537.36","date":"8/15/2018, 1:13:35 PM","host":"localhost:3000","responseTime":"2ms","status":404}
{"ip":"::1","url":"/","method":"GET","userAgent":"Mozilla/5.0 (Windows NT 10.0; Win64; x64) AppleWebKit/537.36 (KHTML, like Gecko) Chrome/68.0.3440.106 Safari/537.36","date":"8/15/2018, 1:13:43 PM","host":"localhost:3000","responseTime":"6ms","status":304}
{"ip":"::1","url":"/","method":"GET","userAgent":"Mozilla/5.0 (Windows NT 10.0; Win64; x64) AppleWebKit/537.36 (KHTML, like Gecko) Chrome/68.0.3440.106 Safari/537.36","date":"8/15/2018, 1:16:39 PM","host":"localhost:3000","responseTime":"6ms","status":304}
{"ip":"::1","url":"/","method":"GET","userAgent":"Mozilla/5.0 (Windows NT 10.0; Win64; x64) AppleWebKit/537.36 (KHTML, like Gecko) Chrome/68.0.3440.106 Safari/537.36","date":"8/15/2018, 1:17:57 PM","host":"localhost:3000","responseTime":"6ms","status":304}
{"ip":"::1","url":"/students","method":"GET","userAgent":"Mozilla/5.0 (Windows NT 10.0; Win64; x64) AppleWebKit/537.36 (KHTML, like Gecko) Chrome/68.0.3440.106 Safari/537.36","date":"8/15/2018, 1:21:38 PM","host":"localhost:3000","responseTime":"19ms","status":304}
{"ip":"::1","url":"/undefined","method":"GET","userAgent":"Mozilla/5.0 (Windows NT 10.0; Win64; x64) AppleWebKit/537.36 (KHTML, like Gecko) Chrome/68.0.3440.106 Safari/537.36","date":"8/15/2018, 1:21:41 PM","host":"localhost:3000","responseTime":"3ms","status":404}
{"ip":"::1","url":"/students","method":"GET","userAgent":"Mozilla/5.0 (Windows NT 10.0; Win64; x64) AppleWebKit/537.36 (KHTML, like Gecko) Chrome/68.0.3440.106 Safari/537.36","date":"8/15/2018, 1:29:51 PM","host":"localhost:3000","responseTime":"23ms","status":304}
{"ip":"::1","url":"/students","method":"GET","userAgent":"Mozilla/5.0 (Windows NT 10.0; Win64; x64) AppleWebKit/537.36 (KHTML, like Gecko) Chrome/68.0.3440.106 Safari/537.36","date":"8/15/2018, 1:29:52 PM","host":"localhost:3000","responseTime":"6ms","status":304}
{"ip":"::1","url":"/students","method":"GET","userAgent":"Mozilla/5.0 (Windows NT 10.0; Win64; x64) AppleWebKit/537.36 (KHTML, like Gecko) Chrome/68.0.3440.106 Safari/537.36","date":"8/15/2018, 1:33:03 PM","host":"localhost:3000","responseTime":"23ms","status":304}
{"ip":"::1","url":"/students/0/2","method":"GET","userAgent":"Mozilla/5.0 (Windows NT 10.0; Win64; x64) AppleWebKit/537.36 (KHTML, like Gecko) Chrome/68.0.3440.106 Safari/537.36","date":"8/15/2018, 1:33:06 PM","host":"localhost:3000","responseTime":"14ms","status":200}
{"ip":"::1","url":"/","method":"GET","userAgent":"Mozilla/5.0 (Windows NT 10.0; Win64; x64) AppleWebKit/537.36 (KHTML, like Gecko) Chrome/68.0.3440.106 Safari/537.36","date":"8/15/2018, 4:08:03 PM","host":"localhost:3000","responseTime":"5ms","status":304}
{"ip":"::1","url":"/students/0/2","method":"GET","userAgent":"Mozilla/5.0 (Windows NT 10.0; Win64; x64) AppleWebKit/537.36 (KHTML, like Gecko) Chrome/68.0.3440.106 Safari/537.36","date":"8/15/2018, 4:15:55 PM","host":"localhost:3000","responseTime":"25ms","status":200}
{"ip":"::1","url":"/students","method":"POST","userAgent":"Mozilla/5.0 (Windows NT 10.0; Win64; x64) AppleWebKit/537.36 (KHTML, like Gecko) Chrome/68.0.3440.106 Safari/537.36","date":"8/15/2018, 4:16:20 PM","host":"localhost:3000","responseTime":"18ms","status":500}
{"ip":"::1","url":"/students","method":"POST","userAgent":"Mozilla/5.0 (Windows NT 10.0; Win64; x64) AppleWebKit/537.36 (KHTML, like Gecko) Chrome/68.0.3440.106 Safari/537.36","date":"8/15/2018, 4:17:19 PM","host":"localhost:3000","responseTime":"21ms","status":201}
{"ip":"::1","url":"/students","method":"GET","userAgent":"Mozilla/5.0 (Windows NT 10.0; Win64; x64) AppleWebKit/537.36 (KHTML, like Gecko) Chrome/68.0.3440.106 Safari/537.36","date":"8/15/2018, 4:17:26 PM","host":"localhost:3000","responseTime":"9ms","status":200}
{"ip":"::1","url":"/students","method":"GET","userAgent":"Mozilla/5.0 (Windows NT 10.0; Win64; x64) AppleWebKit/537.36 (KHTML, like Gecko) Chrome/68.0.3440.106 Safari/537.36","date":"8/15/2018, 4:22:38 PM","host":"localhost:3000","responseTime":"24ms","status":304}
{"ip":"::1","url":"/","method":"GET","userAgent":"Mozilla/5.0 (Windows NT 10.0; Win64; x64) AppleWebKit/537.36 (KHTML, like Gecko) Chrome/68.0.3440.106 Safari/537.36","date":"8/15/2018, 5:04:24 PM","host":"localhost:3000","responseTime":"3ms","status":304}
{"ip":"::1","url":"/students","method":"GET","userAgent":"Mozilla/5.0 (Windows NT 10.0; Win64; x64) AppleWebKit/537.36 (KHTML, like Gecko) Chrome/68.0.3440.106 Safari/537.36","date":"8/15/2018, 5:04:31 PM","host":"localhost:3000","responseTime":"8ms","status":304}